2021-12-14 14:12:240 INFO  ManageDriver :31 - Launching Chrome Browser
2021-12-14 14:12:112 INFO  HomePage :65 - Accepting cookies: [[ChromeDriver: chrome on WINDOWS (b1cd6792685eaf94986d0447daf0df5b)] -> xpath: //button[@id='save']]
2021-12-14 14:12:316 INFO  HomePage :70 - Send text to JobTitle : Tester[[ChromeDriver: chrome on WINDOWS (b1cd6792685eaf94986d0447daf0df5b)] -> xpath: //input[@id='keywords']]
2021-12-14 14:12:524 INFO  HomePage :75 - Send text to JobLocation : Harrow[[ChromeDriver: chrome on WINDOWS (b1cd6792685eaf94986d0447daf0df5b)] -> xpath: //input[@id='location']]
2021-12-14 14:12:640 INFO  HomePage :80 - Select Distance : up to 5 miles[[ChromeDriver: chrome on WINDOWS (b1cd6792685eaf94986d0447daf0df5b)] -> xpath: //select[@id='distance']]
2021-12-14 14:12:935 INFO  HomePage :85 - Clicking on more search options: [[ChromeDriver: chrome on WINDOWS (b1cd6792685eaf94986d0447daf0df5b)] -> xpath: //button[@id='toggle-hp-search']]
2021-12-14 14:12:138 INFO  HomePage :90 - Send text to MinSalary : 30000[[ChromeDriver: chrome on WINDOWS (b1cd6792685eaf94986d0447daf0df5b)] -> xpath: //input[@id='salarymin']]
2021-12-14 14:12:226 INFO  HomePage :95 - Send text to MaxSalary : 50000[[ChromeDriver: chrome on WINDOWS (b1cd6792685eaf94986d0447daf0df5b)] -> xpath: //input[@id='salarymax']]
2021-12-14 14:12:281 INFO  HomePage :100 - Selecting salary type from dropdown: Per annum[[ChromeDriver: chrome on WINDOWS (b1cd6792685eaf94986d0447daf0df5b)] -> xpath: //select[@id='salarytype']]
2021-12-14 14:12:362 INFO  HomePage :105 - Selecting job type from dropdown: Permanent[[ChromeDriver: chrome on WINDOWS (b1cd6792685eaf94986d0447daf0df5b)] -> xpath: //select[@id='tempperm']]
2021-12-14 14:12:456 INFO  HomePage :110 - Clicking on find job button: [[ChromeDriver: chrome on WINDOWS (b1cd6792685eaf94986d0447daf0df5b)] -> id: hp-search-btn]
2021-12-14 14:12:955 INFO  ResultPage :26 - Verifying Search result: Permanent Tester jobs in Harrow on the Hill[[ChromeDriver: chrome on WINDOWS (b1cd6792685eaf94986d0447daf0df5b)] -> xpath: //div[@class='search-header__title']]
2021-12-14 14:12:135 INFO  ManageDriver :31 - Launching Chrome Browser
2021-12-14 14:12:917 INFO  HomePage :65 - Accepting cookies: [[ChromeDriver: chrome on WINDOWS (947233169a7c8f2634e050ab4bb4b0ae)] -> xpath: //button[@id='save']]
2021-12-14 14:12:224 INFO  HomePage :70 - Send text to JobTitle : Scientist[[ChromeDriver: chrome on WINDOWS (947233169a7c8f2634e050ab4bb4b0ae)] -> xpath: //input[@id='keywords']]
2021-12-14 14:12:325 INFO  HomePage :75 - Send text to JobLocation : Harrow[[ChromeDriver: chrome on WINDOWS (947233169a7c8f2634e050ab4bb4b0ae)] -> xpath: //input[@id='location']]
2021-12-14 14:12:383 INFO  HomePage :80 - Select Distance : up to 15 miles[[ChromeDriver: chrome on WINDOWS (947233169a7c8f2634e050ab4bb4b0ae)] -> xpath: //select[@id='distance']]
2021-12-14 14:12:794 INFO  HomePage :85 - Clicking on more search options: [[ChromeDriver: chrome on WINDOWS (947233169a7c8f2634e050ab4bb4b0ae)] -> xpath: //button[@id='toggle-hp-search']]
2021-12-14 14:12:998 INFO  HomePage :90 - Send text to MinSalary : 30000[[ChromeDriver: chrome on WINDOWS (947233169a7c8f2634e050ab4bb4b0ae)] -> xpath: //input[@id='salarymin']]
2021-12-14 14:12:91 INFO  HomePage :95 - Send text to MaxSalary : 50000[[ChromeDriver: chrome on WINDOWS (947233169a7c8f2634e050ab4bb4b0ae)] -> xpath: //input[@id='salarymax']]
2021-12-14 14:12:161 INFO  HomePage :100 - Selecting salary type from dropdown: Per annum[[ChromeDriver: chrome on WINDOWS (947233169a7c8f2634e050ab4bb4b0ae)] -> xpath: //select[@id='salarytype']]
2021-12-14 14:12:253 INFO  HomePage :105 - Selecting job type from dropdown: Contract[[ChromeDriver: chrome on WINDOWS (947233169a7c8f2634e050ab4bb4b0ae)] -> xpath: //select[@id='tempperm']]
2021-12-14 14:12:355 INFO  HomePage :110 - Clicking on find job button: [[ChromeDriver: chrome on WINDOWS (947233169a7c8f2634e050ab4bb4b0ae)] -> id: hp-search-btn]
2021-12-14 14:12:590 INFO  ResultPage :26 - Verifying Search result: Contract Scientist jobs in Harrow on the Hill[[ChromeDriver: chrome on WINDOWS (947233169a7c8f2634e050ab4bb4b0ae)] -> xpath: //div[@class='search-header__title']]
2021-12-14 14:12:632 INFO  ManageDriver :31 - Launching Chrome Browser
2021-12-14 14:12:213 INFO  HomePage :65 - Accepting cookies: [[ChromeDriver: chrome on WINDOWS (45b1ab2cebc101a3490184865875a855)] -> xpath: //button[@id='save']]
2021-12-14 14:12:334 INFO  HomePage :70 - Send text to JobTitle : Pharmaceutical[[ChromeDriver: chrome on WINDOWS (45b1ab2cebc101a3490184865875a855)] -> xpath: //input[@id='keywords']]
2021-12-14 14:12:415 INFO  HomePage :75 - Send text to JobLocation : Cambridgeshire[[ChromeDriver: chrome on WINDOWS (45b1ab2cebc101a3490184865875a855)] -> xpath: //input[@id='location']]
2021-12-14 14:12:496 INFO  HomePage :80 - Select Distance : up to 7 miles[[ChromeDriver: chrome on WINDOWS (45b1ab2cebc101a3490184865875a855)] -> xpath: //select[@id='distance']]
2021-12-14 14:12:570 INFO  HomePage :85 - Clicking on more search options: [[ChromeDriver: chrome on WINDOWS (45b1ab2cebc101a3490184865875a855)] -> xpath: //button[@id='toggle-hp-search']]
2021-12-14 14:12:752 INFO  HomePage :90 - Send text to MinSalary : 30000[[ChromeDriver: chrome on WINDOWS (45b1ab2cebc101a3490184865875a855)] -> xpath: //input[@id='salarymin']]
2021-12-14 14:12:834 INFO  HomePage :95 - Send text to MaxSalary : 60000[[ChromeDriver: chrome on WINDOWS (45b1ab2cebc101a3490184865875a855)] -> xpath: //input[@id='salarymax']]
2021-12-14 14:12:885 INFO  HomePage :100 - Selecting salary type from dropdown: Per annum[[ChromeDriver: chrome on WINDOWS (45b1ab2cebc101a3490184865875a855)] -> xpath: //select[@id='salarytype']]
2021-12-14 14:12:932 INFO  HomePage :105 - Selecting job type from dropdown: Any[[ChromeDriver: chrome on WINDOWS (45b1ab2cebc101a3490184865875a855)] -> xpath: //select[@id='tempperm']]
2021-12-14 14:12:99 INFO  ManageDriver :31 - Launching Chrome Browser
2021-12-14 14:12:813 INFO  HomePage :65 - Accepting cookies: [[ChromeDriver: chrome on WINDOWS (521972073939f3bfef5179370a44de12)] -> xpath: //button[@id='save']]
2021-12-14 14:12:939 INFO  HomePage :70 - Send text to JobTitle : Retail Manager[[ChromeDriver: chrome on WINDOWS (521972073939f3bfef5179370a44de12)] -> xpath: //input[@id='keywords']]
2021-12-14 14:12:17 INFO  HomePage :75 - Send text to JobLocation : West London[[ChromeDriver: chrome on WINDOWS (521972073939f3bfef5179370a44de12)] -> xpath: //input[@id='location']]
2021-12-14 14:12:99 INFO  HomePage :80 - Select Distance : up to 25 miles[[ChromeDriver: chrome on WINDOWS (521972073939f3bfef5179370a44de12)] -> xpath: //select[@id='distance']]
2021-12-14 14:12:386 INFO  HomePage :85 - Clicking on more search options: [[ChromeDriver: chrome on WINDOWS (521972073939f3bfef5179370a44de12)] -> xpath: //button[@id='toggle-hp-search']]
2021-12-14 14:12:561 INFO  HomePage :90 - Send text to MinSalary : 30000[[ChromeDriver: chrome on WINDOWS (521972073939f3bfef5179370a44de12)] -> xpath: //input[@id='salarymin']]
2021-12-14 14:12:671 INFO  HomePage :95 - Send text to MaxSalary : 50000[[ChromeDriver: chrome on WINDOWS (521972073939f3bfef5179370a44de12)] -> xpath: //input[@id='salarymax']]
2021-12-14 14:12:728 INFO  HomePage :100 - Selecting salary type from dropdown: Per annum[[ChromeDriver: chrome on WINDOWS (521972073939f3bfef5179370a44de12)] -> xpath: //select[@id='salarytype']]
2021-12-14 14:12:806 INFO  HomePage :105 - Selecting job type from dropdown: Permanent[[ChromeDriver: chrome on WINDOWS (521972073939f3bfef5179370a44de12)] -> xpath: //select[@id='tempperm']]
2021-12-14 14:12:977 INFO  ManageDriver :31 - Launching Chrome Browser
2021-12-14 14:12:378 INFO  HomePage :65 - Accepting cookies: [[ChromeDriver: chrome on WINDOWS (305c40278dcde4e8b6b5cd2669cf9395)] -> xpath: //button[@id='save']]
2021-12-14 14:12:507 INFO  HomePage :70 - Send text to JobTitle : Automation Tester[[ChromeDriver: chrome on WINDOWS (305c40278dcde4e8b6b5cd2669cf9395)] -> xpath: //input[@id='keywords']]
2021-12-14 14:12:576 INFO  HomePage :75 - Send text to JobLocation : HA1 1AB[[ChromeDriver: chrome on WINDOWS (305c40278dcde4e8b6b5cd2669cf9395)] -> xpath: //input[@id='location']]
2021-12-14 14:12:660 INFO  HomePage :80 - Select Distance : up to 10 miles[[ChromeDriver: chrome on WINDOWS (305c40278dcde4e8b6b5cd2669cf9395)] -> xpath: //select[@id='distance']]
2021-12-14 14:12:779 INFO  HomePage :85 - Clicking on more search options: [[ChromeDriver: chrome on WINDOWS (305c40278dcde4e8b6b5cd2669cf9395)] -> xpath: //button[@id='toggle-hp-search']]
2021-12-14 14:12:984 INFO  HomePage :90 - Send text to MinSalary : 300[[ChromeDriver: chrome on WINDOWS (305c40278dcde4e8b6b5cd2669cf9395)] -> xpath: //input[@id='salarymin']]
2021-12-14 14:12:49 INFO  HomePage :95 - Send text to MaxSalary : 400[[ChromeDriver: chrome on WINDOWS (305c40278dcde4e8b6b5cd2669cf9395)] -> xpath: //input[@id='salarymax']]
2021-12-14 14:12:125 INFO  HomePage :100 - Selecting salary type from dropdown: Per day[[ChromeDriver: chrome on WINDOWS (305c40278dcde4e8b6b5cd2669cf9395)] -> xpath: //select[@id='salarytype']]
2021-12-14 14:12:197 INFO  HomePage :105 - Selecting job type from dropdown: Contract[[ChromeDriver: chrome on WINDOWS (305c40278dcde4e8b6b5cd2669cf9395)] -> xpath: //select[@id='tempperm']]
2021-12-14 14:12:242 INFO  ManageDriver :31 - Launching Chrome Browser
2021-12-14 14:12:595 INFO  HomePage :65 - Accepting cookies: [[ChromeDriver: chrome on WINDOWS (47a53b76bde426206715142b99988992)] -> xpath: //button[@id='save']]
2021-12-14 14:12:724 INFO  HomePage :70 - Send text to JobTitle : Research Scientist[[ChromeDriver: chrome on WINDOWS (47a53b76bde426206715142b99988992)] -> xpath: //input[@id='keywords']]
2021-12-14 14:12:815 INFO  HomePage :75 - Send text to JobLocation : Newcastle upon Tyne[[ChromeDriver: chrome on WINDOWS (47a53b76bde426206715142b99988992)] -> xpath: //input[@id='location']]
2021-12-14 14:12:893 INFO  HomePage :80 - Select Distance : up to 10 miles[[ChromeDriver: chrome on WINDOWS (47a53b76bde426206715142b99988992)] -> xpath: //select[@id='distance']]
2021-12-14 14:12:185 INFO  HomePage :85 - Clicking on more search options: [[ChromeDriver: chrome on WINDOWS (47a53b76bde426206715142b99988992)] -> xpath: //button[@id='toggle-hp-search']]
2021-12-14 14:12:366 INFO  HomePage :90 - Send text to MinSalary : 400[[ChromeDriver: chrome on WINDOWS (47a53b76bde426206715142b99988992)] -> xpath: //input[@id='salarymin']]
2021-12-14 14:12:456 INFO  HomePage :95 - Send text to MaxSalary : 500[[ChromeDriver: chrome on WINDOWS (47a53b76bde426206715142b99988992)] -> xpath: //input[@id='salarymax']]
2021-12-14 14:12:537 INFO  HomePage :100 - Selecting salary type from dropdown: Per day[[ChromeDriver: chrome on WINDOWS (47a53b76bde426206715142b99988992)] -> xpath: //select[@id='salarytype']]
2021-12-14 14:12:608 INFO  HomePage :105 - Selecting job type from dropdown: Contract[[ChromeDriver: chrome on WINDOWS (47a53b76bde426206715142b99988992)] -> xpath: //select[@id='tempperm']]
2021-12-14 14:12:689 INFO  ManageDriver :31 - Launching Chrome Browser
2021-12-14 14:12:290 INFO  HomePage :65 - Accepting cookies: [[ChromeDriver: chrome on WINDOWS (f12c740e4d805cc7ebca82ab91820818)] -> xpath: //button[@id='save']]
2021-12-14 14:12:582 INFO  HomePage :70 - Send text to JobTitle : Tester[[ChromeDriver: chrome on WINDOWS (f12c740e4d805cc7ebca82ab91820818)] -> xpath: //input[@id='keywords']]
2021-12-14 14:12:723 INFO  HomePage :75 - Send text to JobLocation : Watford, Hertfordshire[[ChromeDriver: chrome on WINDOWS (f12c740e4d805cc7ebca82ab91820818)] -> xpath: //input[@id='location']]
2021-12-14 14:12:808 INFO  HomePage :80 - Select Distance : up to 5 miles[[ChromeDriver: chrome on WINDOWS (f12c740e4d805cc7ebca82ab91820818)] -> xpath: //select[@id='distance']]
2021-12-14 14:12:125 INFO  HomePage :85 - Clicking on more search options: [[ChromeDriver: chrome on WINDOWS (f12c740e4d805cc7ebca82ab91820818)] -> xpath: //button[@id='toggle-hp-search']]
2021-12-14 14:12:307 INFO  HomePage :90 - Send text to MinSalary : 40000[[ChromeDriver: chrome on WINDOWS (f12c740e4d805cc7ebca82ab91820818)] -> xpath: //input[@id='salarymin']]
2021-12-14 14:12:393 INFO  HomePage :95 - Send text to MaxSalary : 60000[[ChromeDriver: chrome on WINDOWS (f12c740e4d805cc7ebca82ab91820818)] -> xpath: //input[@id='salarymax']]
2021-12-14 14:12:441 INFO  HomePage :100 - Selecting salary type from dropdown: Per annum[[ChromeDriver: chrome on WINDOWS (f12c740e4d805cc7ebca82ab91820818)] -> xpath: //select[@id='salarytype']]
2021-12-14 14:12:515 INFO  HomePage :105 - Selecting job type from dropdown: Contract[[ChromeDriver: chrome on WINDOWS (f12c740e4d805cc7ebca82ab91820818)] -> xpath: //select[@id='tempperm']]
2021-12-14 14:12:596 INFO  HomePage :110 - Clicking on find job button: [[ChromeDriver: chrome on WINDOWS (f12c740e4d805cc7ebca82ab91820818)] -> id: hp-search-btn]
2021-12-14 14:12:384 INFO  ResultPage :26 - Verifying Search result: Contract Tester jobs in Watford[[ChromeDriver: chrome on WINDOWS (f12c740e4d805cc7ebca82ab91820818)] -> xpath: //div[@class='search-header__title']]
2021-12-14 15:12:839 INFO  ManageDriver :31 - Launching Chrome Browser
2021-12-14 15:12:591 INFO  HomePage :66 - Accepting cookies: [[ChromeDriver: chrome on WINDOWS (4cbdd85d3e66c826fc223f2bfe084436)] -> xpath: //button[@id='save']]
2021-12-14 15:12:530 INFO  HomePage :71 - Send text to JobTitle : Tester[[ChromeDriver: chrome on WINDOWS (4cbdd85d3e66c826fc223f2bfe084436)] -> xpath: //input[@id='keywords']]
2021-12-14 15:12:918 INFO  HomePage :76 - Send text to JobLocation : Harrow[[ChromeDriver: chrome on WINDOWS (4cbdd85d3e66c826fc223f2bfe084436)] -> xpath: //input[@id='location']]
2021-12-14 15:12:195 INFO  HomePage :81 - Select Distance : up to 5 miles[[ChromeDriver: chrome on WINDOWS (4cbdd85d3e66c826fc223f2bfe084436)] -> xpath: //select[@id='distance']]
2021-12-14 15:12:439 INFO  HomePage :86 - Clicking on more search options: [[ChromeDriver: chrome on WINDOWS (4cbdd85d3e66c826fc223f2bfe084436)] -> xpath: //button[@id='toggle-hp-search']]
2021-12-14 15:12:815 INFO  HomePage :91 - Send text to MinSalary : 30000[[ChromeDriver: chrome on WINDOWS (4cbdd85d3e66c826fc223f2bfe084436)] -> xpath: //input[@id='salarymin']]
2021-12-14 15:12:25 INFO  HomePage :96 - Send text to MaxSalary : 50000[[ChromeDriver: chrome on WINDOWS (4cbdd85d3e66c826fc223f2bfe084436)] -> xpath: //input[@id='salarymax']]
2021-12-14 15:12:176 INFO  HomePage :101 - Selecting salary type from dropdown: Per annum[[ChromeDriver: chrome on WINDOWS (4cbdd85d3e66c826fc223f2bfe084436)] -> xpath: //select[@id='salarytype']]
2021-12-14 15:12:385 INFO  HomePage :106 - Selecting job type from dropdown: Permanent[[ChromeDriver: chrome on WINDOWS (4cbdd85d3e66c826fc223f2bfe084436)] -> xpath: //select[@id='tempperm']]
2021-12-14 15:12:572 INFO  HomePage :111 - Clicking on find job button: [[ChromeDriver: chrome on WINDOWS (4cbdd85d3e66c826fc223f2bfe084436)] -> id: hp-search-btn]
2021-12-14 15:12:673 INFO  ResultPage :26 - Verifying Search result: Permanent Tester jobs in Harrow on the Hill[[ChromeDriver: chrome on WINDOWS (4cbdd85d3e66c826fc223f2bfe084436)] -> xpath: //div[@class='search-header__title']]
2021-12-14 15:12:981 INFO  ManageDriver :31 - Launching Chrome Browser
2021-12-14 15:12:172 INFO  HomePage :66 - Accepting cookies: [[ChromeDriver: chrome on WINDOWS (bab7ac749ca12d20a3b209ac9c27366d)] -> xpath: //button[@id='save']]
2021-12-14 15:12:202 INFO  HomePage :71 - Send text to JobTitle : Scientist[[ChromeDriver: chrome on WINDOWS (bab7ac749ca12d20a3b209ac9c27366d)] -> xpath: //input[@id='keywords']]
2021-12-14 15:12:592 INFO  HomePage :76 - Send text to JobLocation : Harrow[[ChromeDriver: chrome on WINDOWS (bab7ac749ca12d20a3b209ac9c27366d)] -> xpath: //input[@id='location']]
2021-12-14 15:12:720 INFO  HomePage :81 - Select Distance : up to 15 miles[[ChromeDriver: chrome on WINDOWS (bab7ac749ca12d20a3b209ac9c27366d)] -> xpath: //select[@id='distance']]
2021-12-14 15:12:53 INFO  HomePage :86 - Clicking on more search options: [[ChromeDriver: chrome on WINDOWS (bab7ac749ca12d20a3b209ac9c27366d)] -> xpath: //button[@id='toggle-hp-search']]
2021-12-14 15:12:333 INFO  HomePage :91 - Send text to MinSalary : 30000[[ChromeDriver: chrome on WINDOWS (bab7ac749ca12d20a3b209ac9c27366d)] -> xpath: //input[@id='salarymin']]
2021-12-14 15:12:556 INFO  HomePage :96 - Send text to MaxSalary : 50000[[ChromeDriver: chrome on WINDOWS (bab7ac749ca12d20a3b209ac9c27366d)] -> xpath: //input[@id='salarymax']]
2021-12-14 15:12:714 INFO  HomePage :101 - Selecting salary type from dropdown: Per annum[[ChromeDriver: chrome on WINDOWS (bab7ac749ca12d20a3b209ac9c27366d)] -> xpath: //select[@id='salarytype']]
2021-12-14 15:12:947 INFO  HomePage :106 - Selecting job type from dropdown: Contract[[ChromeDriver: chrome on WINDOWS (bab7ac749ca12d20a3b209ac9c27366d)] -> xpath: //select[@id='tempperm']]
2021-12-14 15:12:184 INFO  HomePage :111 - Clicking on find job button: [[ChromeDriver: chrome on WINDOWS (bab7ac749ca12d20a3b209ac9c27366d)] -> id: hp-search-btn]
2021-12-14 15:12:547 INFO  ResultPage :26 - Verifying Search result: Contract Scientist jobs in Harrow on the Hill[[ChromeDriver: chrome on WINDOWS (bab7ac749ca12d20a3b209ac9c27366d)] -> xpath: //div[@class='search-header__title']]
2021-12-14 15:12:652 INFO  ManageDriver :31 - Launching Chrome Browser
2021-12-14 15:12:451 INFO  HomePage :66 - Accepting cookies: [[ChromeDriver: chrome on WINDOWS (98b8d5c46adb29561d5137e9bf572b0e)] -> xpath: //button[@id='save']]
2021-12-14 15:12:564 INFO  HomePage :71 - Send text to JobTitle : Pharmaceutical[[ChromeDriver: chrome on WINDOWS (98b8d5c46adb29561d5137e9bf572b0e)] -> xpath: //input[@id='keywords']]
2021-12-14 15:12:837 INFO  HomePage :76 - Send text to JobLocation : Cambridgeshire[[ChromeDriver: chrome on WINDOWS (98b8d5c46adb29561d5137e9bf572b0e)] -> xpath: //input[@id='location']]
2021-12-14 15:12:154 INFO  HomePage :81 - Select Distance : up to 7 miles[[ChromeDriver: chrome on WINDOWS (98b8d5c46adb29561d5137e9bf572b0e)] -> xpath: //select[@id='distance']]
2021-12-14 15:12:407 INFO  HomePage :86 - Clicking on more search options: [[ChromeDriver: chrome on WINDOWS (98b8d5c46adb29561d5137e9bf572b0e)] -> xpath: //button[@id='toggle-hp-search']]
2021-12-14 15:12:744 INFO  HomePage :91 - Send text to MinSalary : 30000[[ChromeDriver: chrome on WINDOWS (98b8d5c46adb29561d5137e9bf572b0e)] -> xpath: //input[@id='salarymin']]
2021-12-14 15:12:947 INFO  HomePage :96 - Send text to MaxSalary : 60000[[ChromeDriver: chrome on WINDOWS (98b8d5c46adb29561d5137e9bf572b0e)] -> xpath: //input[@id='salarymax']]
2021-12-14 15:12:94 INFO  HomePage :101 - Selecting salary type from dropdown: Per annum[[ChromeDriver: chrome on WINDOWS (98b8d5c46adb29561d5137e9bf572b0e)] -> xpath: //select[@id='salarytype']]
2021-12-14 15:12:241 INFO  HomePage :106 - Selecting job type from dropdown: Any[[ChromeDriver: chrome on WINDOWS (98b8d5c46adb29561d5137e9bf572b0e)] -> xpath: //select[@id='tempperm']]
2021-12-14 15:12:480 INFO  HomePage :111 - Clicking on find job button: [[ChromeDriver: chrome on WINDOWS (98b8d5c46adb29561d5137e9bf572b0e)] -> id: hp-search-btn]
2021-12-14 15:12:529 INFO  ResultPage :26 - Verifying Search result: Pharmaceutical jobs in Cambridgeshire[[ChromeDriver: chrome on WINDOWS (98b8d5c46adb29561d5137e9bf572b0e)] -> xpath: //div[@class='search-header__title']]
2021-12-14 15:12:644 INFO  ManageDriver :31 - Launching Chrome Browser
2021-12-14 15:12:511 INFO  HomePage :66 - Accepting cookies: [[ChromeDriver: chrome on WINDOWS (c502cd423b68254714e6be80e6717d97)] -> xpath: //button[@id='save']]
2021-12-14 15:12:425 INFO  HomePage :71 - Send text to JobTitle : Retail Manager[[ChromeDriver: chrome on WINDOWS (c502cd423b68254714e6be80e6717d97)] -> xpath: //input[@id='keywords']]
2021-12-14 15:12:713 INFO  HomePage :76 - Send text to JobLocation : West London[[ChromeDriver: chrome on WINDOWS (c502cd423b68254714e6be80e6717d97)] -> xpath: //input[@id='location']]
2021-12-14 15:12:891 INFO  HomePage :81 - Select Distance : up to 25 miles[[ChromeDriver: chrome on WINDOWS (c502cd423b68254714e6be80e6717d97)] -> xpath: //select[@id='distance']]
2021-12-14 15:12:200 INFO  HomePage :86 - Clicking on more search options: [[ChromeDriver: chrome on WINDOWS (c502cd423b68254714e6be80e6717d97)] -> xpath: //button[@id='toggle-hp-search']]
2021-12-14 15:12:499 INFO  HomePage :91 - Send text to MinSalary : 30000[[ChromeDriver: chrome on WINDOWS (c502cd423b68254714e6be80e6717d97)] -> xpath: //input[@id='salarymin']]
2021-12-14 15:12:643 INFO  HomePage :96 - Send text to MaxSalary : 50000[[ChromeDriver: chrome on WINDOWS (c502cd423b68254714e6be80e6717d97)] -> xpath: //input[@id='salarymax']]
2021-12-14 15:12:780 INFO  HomePage :101 - Selecting salary type from dropdown: Per annum[[ChromeDriver: chrome on WINDOWS (c502cd423b68254714e6be80e6717d97)] -> xpath: //select[@id='salarytype']]
2021-12-14 15:12:937 INFO  HomePage :106 - Selecting job type from dropdown: Permanent[[ChromeDriver: chrome on WINDOWS (c502cd423b68254714e6be80e6717d97)] -> xpath: //select[@id='tempperm']]
2021-12-14 15:12:122 INFO  HomePage :111 - Clicking on find job button: [[ChromeDriver: chrome on WINDOWS (c502cd423b68254714e6be80e6717d97)] -> id: hp-search-btn]
2021-12-14 15:12:889 INFO  ResultPage :26 - Verifying Search result: Permanent Retail Manager jobs in West London[[ChromeDriver: chrome on WINDOWS (c502cd423b68254714e6be80e6717d97)] -> xpath: //div[@class='search-header__title']]
2021-12-14 15:12:973 INFO  ManageDriver :31 - Launching Chrome Browser
2021-12-14 15:12:821 INFO  HomePage :66 - Accepting cookies: [[ChromeDriver: chrome on WINDOWS (bd93da8ade248d1f0fac234ffdf855df)] -> xpath: //button[@id='save']]
2021-12-14 15:12:801 INFO  HomePage :71 - Send text to JobTitle : Automation Tester[[ChromeDriver: chrome on WINDOWS (bd93da8ade248d1f0fac234ffdf855df)] -> xpath: //input[@id='keywords']]
2021-12-14 15:12:110 INFO  HomePage :76 - Send text to JobLocation : HA1 1AB[[ChromeDriver: chrome on WINDOWS (bd93da8ade248d1f0fac234ffdf855df)] -> xpath: //input[@id='location']]
2021-12-14 15:12:347 INFO  HomePage :81 - Select Distance : up to 10 miles[[ChromeDriver: chrome on WINDOWS (bd93da8ade248d1f0fac234ffdf855df)] -> xpath: //select[@id='distance']]
2021-12-14 15:12:543 INFO  HomePage :86 - Clicking on more search options: [[ChromeDriver: chrome on WINDOWS (bd93da8ade248d1f0fac234ffdf855df)] -> xpath: //button[@id='toggle-hp-search']]
2021-12-14 15:12:867 INFO  HomePage :91 - Send text to MinSalary : 300[[ChromeDriver: chrome on WINDOWS (bd93da8ade248d1f0fac234ffdf855df)] -> xpath: //input[@id='salarymin']]
2021-12-14 15:12:15 INFO  HomePage :96 - Send text to MaxSalary : 400[[ChromeDriver: chrome on WINDOWS (bd93da8ade248d1f0fac234ffdf855df)] -> xpath: //input[@id='salarymax']]
2021-12-14 15:12:201 INFO  HomePage :101 - Selecting salary type from dropdown: Per day[[ChromeDriver: chrome on WINDOWS (bd93da8ade248d1f0fac234ffdf855df)] -> xpath: //select[@id='salarytype']]
2021-12-14 15:12:339 INFO  HomePage :106 - Selecting job type from dropdown: Contract[[ChromeDriver: chrome on WINDOWS (bd93da8ade248d1f0fac234ffdf855df)] -> xpath: //select[@id='tempperm']]
2021-12-14 15:12:525 INFO  HomePage :111 - Clicking on find job button: [[ChromeDriver: chrome on WINDOWS (bd93da8ade248d1f0fac234ffdf855df)] -> id: hp-search-btn]
2021-12-14 15:12:642 INFO  ResultPage :26 - Verifying Search result: Contract Automation Tester jobs in HA1 1AB[[ChromeDriver: chrome on WINDOWS (bd93da8ade248d1f0fac234ffdf855df)] -> xpath: //div[@class='search-header__title']]
2021-12-14 15:12:706 INFO  ManageDriver :31 - Launching Chrome Browser
2021-12-14 15:12:265 INFO  HomePage :66 - Accepting cookies: [[ChromeDriver: chrome on WINDOWS (ef682c8209b8be942f92f1fda4275d33)] -> xpath: //button[@id='save']]
2021-12-14 15:12:182 INFO  HomePage :71 - Send text to JobTitle : Research Scientist[[ChromeDriver: chrome on WINDOWS (ef682c8209b8be942f92f1fda4275d33)] -> xpath: //input[@id='keywords']]
2021-12-14 15:12:483 INFO  HomePage :76 - Send text to JobLocation : Newcastle upon Tyne[[ChromeDriver: chrome on WINDOWS (ef682c8209b8be942f92f1fda4275d33)] -> xpath: //input[@id='location']]
2021-12-14 15:12:921 INFO  HomePage :81 - Select Distance : up to 10 miles[[ChromeDriver: chrome on WINDOWS (ef682c8209b8be942f92f1fda4275d33)] -> xpath: //select[@id='distance']]
2021-12-14 15:12:118 INFO  HomePage :86 - Clicking on more search options: [[ChromeDriver: chrome on WINDOWS (ef682c8209b8be942f92f1fda4275d33)] -> xpath: //button[@id='toggle-hp-search']]
2021-12-14 15:12:410 INFO  HomePage :91 - Send text to MinSalary : 400[[ChromeDriver: chrome on WINDOWS (ef682c8209b8be942f92f1fda4275d33)] -> xpath: //input[@id='salarymin']]
2021-12-14 15:12:538 INFO  HomePage :96 - Send text to MaxSalary : 500[[ChromeDriver: chrome on WINDOWS (ef682c8209b8be942f92f1fda4275d33)] -> xpath: //input[@id='salarymax']]
2021-12-14 15:12:673 INFO  HomePage :101 - Selecting salary type from dropdown: Per day[[ChromeDriver: chrome on WINDOWS (ef682c8209b8be942f92f1fda4275d33)] -> xpath: //select[@id='salarytype']]
2021-12-14 15:12:821 INFO  HomePage :106 - Selecting job type from dropdown: Contract[[ChromeDriver: chrome on WINDOWS (ef682c8209b8be942f92f1fda4275d33)] -> xpath: //select[@id='tempperm']]
2021-12-14 15:12:991 INFO  HomePage :111 - Clicking on find job button: [[ChromeDriver: chrome on WINDOWS (ef682c8209b8be942f92f1fda4275d33)] -> id: hp-search-btn]
2021-12-14 15:12:194 INFO  ResultPage :26 - Verifying Search result: Contract Research Scientist jobs in Newcastle upon Tyne[[ChromeDriver: chrome on WINDOWS (ef682c8209b8be942f92f1fda4275d33)] -> xpath: //div[@class='search-header__title']]
2021-12-14 15:12:745 INFO  ManageDriver :31 - Launching Chrome Browser
2021-12-14 15:12:493 INFO  HomePage :66 - Accepting cookies: [[ChromeDriver: chrome on WINDOWS (7b5ee6b591fd3f9910f150e8fbf8bc9c)] -> xpath: //button[@id='save']]
2021-12-14 15:12:179 INFO  HomePage :71 - Send text to JobTitle : Tester[[ChromeDriver: chrome on WINDOWS (7b5ee6b591fd3f9910f150e8fbf8bc9c)] -> xpath: //input[@id='keywords']]
2021-12-14 15:12:514 INFO  HomePage :76 - Send text to JobLocation : Watford, Hertfordshire[[ChromeDriver: chrome on WINDOWS (7b5ee6b591fd3f9910f150e8fbf8bc9c)] -> xpath: //input[@id='location']]
2021-12-14 15:12:792 INFO  HomePage :81 - Select Distance : up to 5 miles[[ChromeDriver: chrome on WINDOWS (7b5ee6b591fd3f9910f150e8fbf8bc9c)] -> xpath: //select[@id='distance']]
2021-12-14 15:12:975 INFO  HomePage :86 - Clicking on more search options: [[ChromeDriver: chrome on WINDOWS (7b5ee6b591fd3f9910f150e8fbf8bc9c)] -> xpath: //button[@id='toggle-hp-search']]
2021-12-14 15:12:320 INFO  HomePage :91 - Send text to MinSalary : 40000[[ChromeDriver: chrome on WINDOWS (7b5ee6b591fd3f9910f150e8fbf8bc9c)] -> xpath: //input[@id='salarymin']]
2021-12-14 15:12:484 INFO  HomePage :96 - Send text to MaxSalary : 60000[[ChromeDriver: chrome on WINDOWS (7b5ee6b591fd3f9910f150e8fbf8bc9c)] -> xpath: //input[@id='salarymax']]
2021-12-14 15:12:587 INFO  HomePage :101 - Selecting salary type from dropdown: Per annum[[ChromeDriver: chrome on WINDOWS (7b5ee6b591fd3f9910f150e8fbf8bc9c)] -> xpath: //select[@id='salarytype']]
2021-12-14 15:12:729 INFO  HomePage :106 - Selecting job type from dropdown: Contract[[ChromeDriver: chrome on WINDOWS (7b5ee6b591fd3f9910f150e8fbf8bc9c)] -> xpath: //select[@id='tempperm']]
2021-12-14 15:12:937 INFO  HomePage :111 - Clicking on find job button: [[ChromeDriver: chrome on WINDOWS (7b5ee6b591fd3f9910f150e8fbf8bc9c)] -> id: hp-search-btn]
2021-12-14 15:12:368 INFO  ResultPage :26 - Verifying Search result: Contract Tester jobs in Watford[[ChromeDriver: chrome on WINDOWS (7b5ee6b591fd3f9910f150e8fbf8bc9c)] -> xpath: //div[@class='search-header__title']]
2021-12-14 15:12:920 INFO  ManageDriver :31 - Launching Chrome Browser
2021-12-14 15:12:04 INFO  HomePage :66 - Accepting cookies: [[ChromeDriver: chrome on WINDOWS (e58b9d9fb73823e4c18878e8d0e8684c)] -> xpath: //button[@id='save']]
2021-12-14 15:12:884 INFO  HomePage :71 - Send text to JobTitle : Tester[[ChromeDriver: chrome on WINDOWS (e58b9d9fb73823e4c18878e8d0e8684c)] -> xpath: //input[@id='keywords']]
2021-12-14 15:12:384 INFO  HomePage :76 - Send text to JobLocation : Harrow[[ChromeDriver: chrome on WINDOWS (e58b9d9fb73823e4c18878e8d0e8684c)] -> xpath: //input[@id='location']]
2021-12-14 15:12:619 INFO  HomePage :81 - Select Distance : up to 5 miles[[ChromeDriver: chrome on WINDOWS (e58b9d9fb73823e4c18878e8d0e8684c)] -> xpath: //select[@id='distance']]
2021-12-14 15:12:799 INFO  HomePage :86 - Clicking on more search options: [[ChromeDriver: chrome on WINDOWS (e58b9d9fb73823e4c18878e8d0e8684c)] -> xpath: //button[@id='toggle-hp-search']]
2021-12-14 15:12:139 INFO  HomePage :91 - Send text to MinSalary : 30000[[ChromeDriver: chrome on WINDOWS (e58b9d9fb73823e4c18878e8d0e8684c)] -> xpath: //input[@id='salarymin']]
2021-12-14 15:12:348 INFO  HomePage :96 - Send text to MaxSalary : 50000[[ChromeDriver: chrome on WINDOWS (e58b9d9fb73823e4c18878e8d0e8684c)] -> xpath: //input[@id='salarymax']]
2021-12-14 15:12:497 INFO  HomePage :101 - Selecting salary type from dropdown: Per annum[[ChromeDriver: chrome on WINDOWS (e58b9d9fb73823e4c18878e8d0e8684c)] -> xpath: //select[@id='salarytype']]
2021-12-14 15:12:702 INFO  HomePage :106 - Selecting job type from dropdown: Permanent[[ChromeDriver: chrome on WINDOWS (e58b9d9fb73823e4c18878e8d0e8684c)] -> xpath: //select[@id='tempperm']]
2021-12-14 15:12:895 INFO  HomePage :111 - Clicking on find job button: [[ChromeDriver: chrome on WINDOWS (e58b9d9fb73823e4c18878e8d0e8684c)] -> id: hp-search-btn]
2021-12-14 15:12:397 INFO  ResultPage :27 - Verifying Search result: Permanent Tester jobs in Harrow on the Hill[[ChromeDriver: chrome on WINDOWS (e58b9d9fb73823e4c18878e8d0e8684c)] -> xpath: //div[@class='search-header__title']]
2021-12-14 15:12:569 INFO  ManageDriver :31 - Launching Chrome Browser
2021-12-14 15:12:752 INFO  HomePage :66 - Accepting cookies: [[ChromeDriver: chrome on WINDOWS (47253caf831fa807a5f3a91f2ba040df)] -> xpath: //button[@id='save']]
2021-12-14 15:12:398 INFO  HomePage :71 - Send text to JobTitle : Scientist[[ChromeDriver: chrome on WINDOWS (47253caf831fa807a5f3a91f2ba040df)] -> xpath: //input[@id='keywords']]
2021-12-14 15:12:779 INFO  HomePage :76 - Send text to JobLocation : Harrow[[ChromeDriver: chrome on WINDOWS (47253caf831fa807a5f3a91f2ba040df)] -> xpath: //input[@id='location']]
2021-12-14 15:12:921 INFO  HomePage :81 - Select Distance : up to 15 miles[[ChromeDriver: chrome on WINDOWS (47253caf831fa807a5f3a91f2ba040df)] -> xpath: //select[@id='distance']]
2021-12-14 15:12:195 INFO  HomePage :86 - Clicking on more search options: [[ChromeDriver: chrome on WINDOWS (47253caf831fa807a5f3a91f2ba040df)] -> xpath: //button[@id='toggle-hp-search']]
2021-12-14 15:12:584 INFO  HomePage :91 - Send text to MinSalary : 30000[[ChromeDriver: chrome on WINDOWS (47253caf831fa807a5f3a91f2ba040df)] -> xpath: //input[@id='salarymin']]
2021-12-14 15:12:817 INFO  HomePage :96 - Send text to MaxSalary : 50000[[ChromeDriver: chrome on WINDOWS (47253caf831fa807a5f3a91f2ba040df)] -> xpath: //input[@id='salarymax']]
2021-12-14 15:12:917 INFO  HomePage :101 - Selecting salary type from dropdown: Per annum[[ChromeDriver: chrome on WINDOWS (47253caf831fa807a5f3a91f2ba040df)] -> xpath: //select[@id='salarytype']]
2021-12-14 15:12:85 INFO  HomePage :106 - Selecting job type from dropdown: Contract[[ChromeDriver: chrome on WINDOWS (47253caf831fa807a5f3a91f2ba040df)] -> xpath: //select[@id='tempperm']]
2021-12-14 15:12:337 INFO  HomePage :111 - Clicking on find job button: [[ChromeDriver: chrome on WINDOWS (47253caf831fa807a5f3a91f2ba040df)] -> id: hp-search-btn]
2021-12-14 15:12:313 INFO  ResultPage :27 - Verifying Search result: Contract Scientist jobs in Harrow on the Hill[[ChromeDriver: chrome on WINDOWS (47253caf831fa807a5f3a91f2ba040df)] -> xpath: //div[@class='search-header__title']]
2021-12-14 15:12:397 INFO  ManageDriver :31 - Launching Chrome Browser
2021-12-14 15:12:724 INFO  HomePage :66 - Accepting cookies: [[ChromeDriver: chrome on WINDOWS (0b18ea0cd2729dc4b29ccf864801e4a0)] -> xpath: //button[@id='save']]
2021-12-14 15:12:65 INFO  HomePage :71 - Send text to JobTitle : Pharmaceutical[[ChromeDriver: chrome on WINDOWS (0b18ea0cd2729dc4b29ccf864801e4a0)] -> xpath: //input[@id='keywords']]
2021-12-14 15:12:416 INFO  HomePage :76 - Send text to JobLocation : Cambridgeshire[[ChromeDriver: chrome on WINDOWS (0b18ea0cd2729dc4b29ccf864801e4a0)] -> xpath: //input[@id='location']]
2021-12-14 15:12:739 INFO  HomePage :81 - Select Distance : up to 7 miles[[ChromeDriver: chrome on WINDOWS (0b18ea0cd2729dc4b29ccf864801e4a0)] -> xpath: //select[@id='distance']]
2021-12-14 15:12:33 INFO  HomePage :86 - Clicking on more search options: [[ChromeDriver: chrome on WINDOWS (0b18ea0cd2729dc4b29ccf864801e4a0)] -> xpath: //button[@id='toggle-hp-search']]
2021-12-14 15:12:393 INFO  HomePage :91 - Send text to MinSalary : 30000[[ChromeDriver: chrome on WINDOWS (0b18ea0cd2729dc4b29ccf864801e4a0)] -> xpath: //input[@id='salarymin']]
2021-12-14 15:12:599 INFO  HomePage :96 - Send text to MaxSalary : 60000[[ChromeDriver: chrome on WINDOWS (0b18ea0cd2729dc4b29ccf864801e4a0)] -> xpath: //input[@id='salarymax']]
2021-12-14 15:12:765 INFO  HomePage :101 - Selecting salary type from dropdown: Per annum[[ChromeDriver: chrome on WINDOWS (0b18ea0cd2729dc4b29ccf864801e4a0)] -> xpath: //select[@id='salarytype']]
2021-12-14 15:12:926 INFO  HomePage :106 - Selecting job type from dropdown: Any[[ChromeDriver: chrome on WINDOWS (0b18ea0cd2729dc4b29ccf864801e4a0)] -> xpath: //select[@id='tempperm']]
2021-12-14 15:12:170 INFO  HomePage :111 - Clicking on find job button: [[ChromeDriver: chrome on WINDOWS (0b18ea0cd2729dc4b29ccf864801e4a0)] -> id: hp-search-btn]
2021-12-14 15:12:66 INFO  ResultPage :27 - Verifying Search result: Pharmaceutical jobs in Cambridgeshire[[ChromeDriver: chrome on WINDOWS (0b18ea0cd2729dc4b29ccf864801e4a0)] -> xpath: //div[@class='search-header__title']]
2021-12-14 15:12:150 INFO  ManageDriver :31 - Launching Chrome Browser
2021-12-14 15:12:815 INFO  HomePage :66 - Accepting cookies: [[ChromeDriver: chrome on WINDOWS (626e40e8213a88b272c3840665a06aac)] -> xpath: //button[@id='save']]
2021-12-14 15:12:659 INFO  HomePage :71 - Send text to JobTitle : Retail Manager[[ChromeDriver: chrome on WINDOWS (626e40e8213a88b272c3840665a06aac)] -> xpath: //input[@id='keywords']]
2021-12-14 15:12:934 INFO  HomePage :76 - Send text to JobLocation : West London[[ChromeDriver: chrome on WINDOWS (626e40e8213a88b272c3840665a06aac)] -> xpath: //input[@id='location']]
2021-12-14 15:12:165 INFO  HomePage :81 - Select Distance : up to 25 miles[[ChromeDriver: chrome on WINDOWS (626e40e8213a88b272c3840665a06aac)] -> xpath: //select[@id='distance']]
2021-12-14 15:12:379 INFO  HomePage :86 - Clicking on more search options: [[ChromeDriver: chrome on WINDOWS (626e40e8213a88b272c3840665a06aac)] -> xpath: //button[@id='toggle-hp-search']]
2021-12-14 15:12:755 INFO  HomePage :91 - Send text to MinSalary : 30000[[ChromeDriver: chrome on WINDOWS (626e40e8213a88b272c3840665a06aac)] -> xpath: //input[@id='salarymin']]
2021-12-14 15:12:966 INFO  HomePage :96 - Send text to MaxSalary : 50000[[ChromeDriver: chrome on WINDOWS (626e40e8213a88b272c3840665a06aac)] -> xpath: //input[@id='salarymax']]
2021-12-14 15:12:150 INFO  HomePage :101 - Selecting salary type from dropdown: Per annum[[ChromeDriver: chrome on WINDOWS (626e40e8213a88b272c3840665a06aac)] -> xpath: //select[@id='salarytype']]
2021-12-14 15:12:373 INFO  HomePage :106 - Selecting job type from dropdown: Permanent[[ChromeDriver: chrome on WINDOWS (626e40e8213a88b272c3840665a06aac)] -> xpath: //select[@id='tempperm']]
2021-12-14 15:12:575 INFO  HomePage :111 - Clicking on find job button: [[ChromeDriver: chrome on WINDOWS (626e40e8213a88b272c3840665a06aac)] -> id: hp-search-btn]
2021-12-14 15:12:435 INFO  ResultPage :27 - Verifying Search result: Permanent Retail Manager jobs in West London[[ChromeDriver: chrome on WINDOWS (626e40e8213a88b272c3840665a06aac)] -> xpath: //div[@class='search-header__title']]
2021-12-14 15:12:565 INFO  ManageDriver :31 - Launching Chrome Browser
2021-12-14 15:12:403 INFO  HomePage :66 - Accepting cookies: [[ChromeDriver: chrome on WINDOWS (121ac38427d55152e861167f86a0e3d1)] -> xpath: //button[@id='save']]
2021-12-14 15:12:585 INFO  HomePage :71 - Send text to JobTitle : Automation Tester[[ChromeDriver: chrome on WINDOWS (121ac38427d55152e861167f86a0e3d1)] -> xpath: //input[@id='keywords']]
2021-12-14 15:12:881 INFO  HomePage :76 - Send text to JobLocation : HA1 1AB[[ChromeDriver: chrome on WINDOWS (121ac38427d55152e861167f86a0e3d1)] -> xpath: //input[@id='location']]
2021-12-14 15:12:104 INFO  HomePage :81 - Select Distance : up to 10 miles[[ChromeDriver: chrome on WINDOWS (121ac38427d55152e861167f86a0e3d1)] -> xpath: //select[@id='distance']]
2021-12-14 15:12:341 INFO  HomePage :86 - Clicking on more search options: [[ChromeDriver: chrome on WINDOWS (121ac38427d55152e861167f86a0e3d1)] -> xpath: //button[@id='toggle-hp-search']]
2021-12-14 15:12:721 INFO  HomePage :91 - Send text to MinSalary : 300[[ChromeDriver: chrome on WINDOWS (121ac38427d55152e861167f86a0e3d1)] -> xpath: //input[@id='salarymin']]
2021-12-14 15:12:880 INFO  HomePage :96 - Send text to MaxSalary : 400[[ChromeDriver: chrome on WINDOWS (121ac38427d55152e861167f86a0e3d1)] -> xpath: //input[@id='salarymax']]
2021-12-14 15:12:97 INFO  HomePage :101 - Selecting salary type from dropdown: Per day[[ChromeDriver: chrome on WINDOWS (121ac38427d55152e861167f86a0e3d1)] -> xpath: //select[@id='salarytype']]
2021-12-14 15:12:257 INFO  HomePage :106 - Selecting job type from dropdown: Contract[[ChromeDriver: chrome on WINDOWS (121ac38427d55152e861167f86a0e3d1)] -> xpath: //select[@id='tempperm']]
2021-12-14 15:12:491 INFO  HomePage :111 - Clicking on find job button: [[ChromeDriver: chrome on WINDOWS (121ac38427d55152e861167f86a0e3d1)] -> id: hp-search-btn]
2021-12-14 15:12:921 INFO  ResultPage :27 - Verifying Search result: Contract Automation Tester jobs in HA1 1AB[[ChromeDriver: chrome on WINDOWS (121ac38427d55152e861167f86a0e3d1)] -> xpath: //div[@class='search-header__title']]
2021-12-14 15:12:39 INFO  ManageDriver :31 - Launching Chrome Browser
2021-12-14 15:12:159 INFO  HomePage :66 - Accepting cookies: [[ChromeDriver: chrome on WINDOWS (821bc548aa109f9287502c2040186686)] -> xpath: //button[@id='save']]
2021-12-14 15:12:301 INFO  HomePage :71 - Send text to JobTitle : Research Scientist[[ChromeDriver: chrome on WINDOWS (821bc548aa109f9287502c2040186686)] -> xpath: //input[@id='keywords']]
2021-12-14 15:12:664 INFO  HomePage :76 - Send text to JobLocation : Newcastle upon Tyne[[ChromeDriver: chrome on WINDOWS (821bc548aa109f9287502c2040186686)] -> xpath: //input[@id='location']]
2021-12-14 15:12:947 INFO  HomePage :81 - Select Distance : up to 10 miles[[ChromeDriver: chrome on WINDOWS (821bc548aa109f9287502c2040186686)] -> xpath: //select[@id='distance']]
2021-12-14 15:12:205 INFO  HomePage :86 - Clicking on more search options: [[ChromeDriver: chrome on WINDOWS (821bc548aa109f9287502c2040186686)] -> xpath: //button[@id='toggle-hp-search']]
2021-12-14 15:12:571 INFO  HomePage :91 - Send text to MinSalary : 400[[ChromeDriver: chrome on WINDOWS (821bc548aa109f9287502c2040186686)] -> xpath: //input[@id='salarymin']]
2021-12-14 15:12:869 INFO  HomePage :96 - Send text to MaxSalary : 500[[ChromeDriver: chrome on WINDOWS (821bc548aa109f9287502c2040186686)] -> xpath: //input[@id='salarymax']]
2021-12-14 15:12:123 INFO  HomePage :101 - Selecting salary type from dropdown: Per day[[ChromeDriver: chrome on WINDOWS (821bc548aa109f9287502c2040186686)] -> xpath: //select[@id='salarytype']]
2021-12-14 15:12:366 INFO  HomePage :106 - Selecting job type from dropdown: Contract[[ChromeDriver: chrome on WINDOWS (821bc548aa109f9287502c2040186686)] -> xpath: //select[@id='tempperm']]
2021-12-14 15:12:676 INFO  HomePage :111 - Clicking on find job button: [[ChromeDriver: chrome on WINDOWS (821bc548aa109f9287502c2040186686)] -> id: hp-search-btn]
2021-12-14 15:12:867 INFO  ResultPage :27 - Verifying Search result: Contract Research Scientist jobs in Newcastle upon Tyne[[ChromeDriver: chrome on WINDOWS (821bc548aa109f9287502c2040186686)] -> xpath: //div[@class='search-header__title']]
2021-12-14 15:12:149 INFO  ManageDriver :31 - Launching Chrome Browser
2021-12-14 15:12:173 INFO  HomePage :66 - Accepting cookies: [[ChromeDriver: chrome on WINDOWS (a641027132025b4babee90ad17e7773b)] -> xpath: //button[@id='save']]
2021-12-14 15:12:995 INFO  HomePage :71 - Send text to JobTitle : Tester[[ChromeDriver: chrome on WINDOWS (a641027132025b4babee90ad17e7773b)] -> xpath: //input[@id='keywords']]
2021-12-14 15:12:462 INFO  HomePage :76 - Send text to JobLocation : Watford, Hertfordshire[[ChromeDriver: chrome on WINDOWS (a641027132025b4babee90ad17e7773b)] -> xpath: //input[@id='location']]
2021-12-14 15:12:689 INFO  HomePage :81 - Select Distance : up to 5 miles[[ChromeDriver: chrome on WINDOWS (a641027132025b4babee90ad17e7773b)] -> xpath: //select[@id='distance']]
2021-12-14 15:12:950 INFO  HomePage :86 - Clicking on more search options: [[ChromeDriver: chrome on WINDOWS (a641027132025b4babee90ad17e7773b)] -> xpath: //button[@id='toggle-hp-search']]
2021-12-14 15:12:365 INFO  HomePage :91 - Send text to MinSalary : 40000[[ChromeDriver: chrome on WINDOWS (a641027132025b4babee90ad17e7773b)] -> xpath: //input[@id='salarymin']]
2021-12-14 15:12:765 INFO  HomePage :96 - Send text to MaxSalary : 60000[[ChromeDriver: chrome on WINDOWS (a641027132025b4babee90ad17e7773b)] -> xpath: //input[@id='salarymax']]
2021-12-14 15:12:892 INFO  HomePage :101 - Selecting salary type from dropdown: Per annum[[ChromeDriver: chrome on WINDOWS (a641027132025b4babee90ad17e7773b)] -> xpath: //select[@id='salarytype']]
2021-12-14 15:12:69 INFO  HomePage :106 - Selecting job type from dropdown: Contract[[ChromeDriver: chrome on WINDOWS (a641027132025b4babee90ad17e7773b)] -> xpath: //select[@id='tempperm']]
2021-12-14 15:12:285 INFO  HomePage :111 - Clicking on find job button: [[ChromeDriver: chrome on WINDOWS (a641027132025b4babee90ad17e7773b)] -> id: hp-search-btn]
2021-12-14 15:12:573 INFO  ResultPage :27 - Verifying Search result: Contract Tester jobs in Watford[[ChromeDriver: chrome on WINDOWS (a641027132025b4babee90ad17e7773b)] -> xpath: //div[@class='search-header__title']]
